<?xml version="1.0" encoding="UTF-8"?>
<!-- Generated by org.testng.reporters.JUnitXMLReporter -->
<testsuite hostname="Gauri-PC" ignored="0" name=" Login Test" tests="1" failures="1" timestamp="2020-02-04T18:54:59 IST" time="0.048" errors="0">
  <testcase name="loginAsBankMgr" time="0.007" classname="Tests.LoginTest">
    <failure type="java.lang.NullPointerException">
      <![CDATA[java.lang.NullPointerException
at WebPages.HomePage.<init>(HomePage.java:12)
at Tests.LoginTest.loginAsBankMgr(LoginTest.java:25)
at java.util.ArrayList.forEach(Unknown Source)
... Removed 27 stack frames]]>
    </failure>
  </testcase> <!-- loginAsBankMgr -->
</testsuite> <!--  Login Test -->
