<?xml version="1.0" encoding="UTF-8"?>
<!-- Generated by org.testng.reporters.JUnitXMLReporter -->
<testsuite hostname="Gauri-PC" ignored="0" name="Add customer Test" tests="1" failures="1" timestamp="2020-02-04T18:54:59 IST" time="0.004" errors="0">
  <testcase name="addCustomer" time="0.001" classname="Tests.AddCustomerTest">
    <failure type="java.lang.NullPointerException">
      <![CDATA[java.lang.NullPointerException
at WebPages.AddCustPage.<init>(AddCustPage.java:11)
at Tests.AddCustomerTest.addCustomer(AddCustomerTest.java:11)
at java.util.ArrayList.forEach(Unknown Source)
... Removed 27 stack frames]]>
    </failure>
  </testcase> <!-- addCustomer -->
</testsuite> <!-- Add customer Test -->
